  MainView.cpp
  InteractivePaintApp.cpp
  ciNanoGui.cpp
  Util.cpp
  Unknown compiler version - please run the configure tests and report the results
  Unknown compiler version - please run the configure tests and report the results
  Unknown compiler version - please run the configure tests and report the results
  Unknown compiler version - please run the configure tests and report the results
d:\justin\projects\interactivepaint\include\nanoguimodule\nanovg\fontstash.h(838): warning C4996: 'fopen': This function or variable may be unsafe. Consider using fopen_s instead. To disable deprecation, use _CRT_SECURE_NO_WARNINGS. See online help for details. (compiling source file ..\blocks\ciNanogui\ciNanoGui.cpp)
  C:\Program Files (x86)\Windows Kits\10\Include\10.0.10240.0\ucrt\stdio.h(205): note: see declaration of 'fopen' (compiling source file ..\blocks\ciNanogui\ciNanoGui.cpp)
d:\justin\projects\interactivepaint\include\nanoguimodule\nanovg\fontstash.h(863): warning C4996: 'strncpy': This function or variable may be unsafe. Consider using strncpy_s instead. To disable deprecation, use _CRT_SECURE_NO_WARNINGS. See online help for details. (compiling source file ..\blocks\ciNanogui\ciNanoGui.cpp)
  C:\Program Files (x86)\Windows Kits\10\Include\10.0.10240.0\ucrt\string.h(346): note: see declaration of 'strncpy' (compiling source file ..\blocks\ciNanogui\ciNanoGui.cpp)
d:\justin\projects\interactivepaint\include\nanoguimodule\nanovg\stb_image.h(569): warning C4312: 'type cast': conversion from 'int' to 'unsigned char *' of greater size (compiling source file ..\blocks\ciNanogui\ciNanoGui.cpp)
d:\justin\projects\interactivepaint\include\nanoguimodule\nanovg\stb_image.h(577): warning C4312: 'type cast': conversion from 'int' to 'unsigned char *' of greater size (compiling source file ..\blocks\ciNanogui\ciNanoGui.cpp)
d:\justin\projects\interactivepaint\include\nanoguimodule\nanovg\stb_image.h(624): warning C4312: 'type cast': conversion from 'int' to 'float *' of greater size (compiling source file ..\blocks\ciNanogui\ciNanoGui.cpp)
d:\justin\projects\interactivepaint\include\nanoguimodule\nanovg\stb_image.h(646): warning C4312: 'type cast': conversion from 'int' to 'float *' of greater size (compiling source file ..\blocks\ciNanogui\ciNanoGui.cpp)
d:\justin\projects\interactivepaint\include\nanoguimodule\nanovg\stb_image.h(884): warning C4312: 'type cast': conversion from 'int' to 'unsigned char *' of greater size (compiling source file ..\blocks\ciNanogui\ciNanoGui.cpp)
d:\justin\projects\interactivepaint\include\nanoguimodule\nanovg\stb_image.h(937): warning C4312: 'type cast': conversion from 'int' to 'float *' of greater size (compiling source file ..\blocks\ciNanogui\ciNanoGui.cpp)
d:\justin\projects\interactivepaint\include\nanoguimodule\nanovg\stb_image.h(960): warning C4312: 'type cast': conversion from 'int' to 'unsigned char *' of greater size (compiling source file ..\blocks\ciNanogui\ciNanoGui.cpp)
d:\justin\projects\interactivepaint\include\nanoguimodule\nanovg\stb_image.h(1936): warning C4312: 'type cast': conversion from 'int' to 'unsigned char *' of greater size (compiling source file ..\blocks\ciNanogui\ciNanoGui.cpp)
d:\justin\projects\interactivepaint\include\nanoguimodule\nanovg\stb_image.h(1966): warning C4312: 'type cast': conversion from 'int' to 'unsigned char *' of greater size (compiling source file ..\blocks\ciNanogui\ciNanoGui.cpp)
d:\justin\projects\interactivepaint\include\nanoguimodule\nanovg\stb_image.h(1988): warning C4312: 'type cast': conversion from 'int' to 'unsigned char *' of greater size (compiling source file ..\blocks\ciNanogui\ciNanoGui.cpp)
d:\justin\projects\interactivepaint\include\nanoguimodule\nanovg\stb_image.h(3084): warning C4312: 'type cast': conversion from 'int' to 'unsigned char *' of greater size (compiling source file ..\blocks\ciNanogui\ciNanoGui.cpp)
d:\justin\projects\interactivepaint\include\nanoguimodule\nanovg\stb_image.h(3213): warning C4312: 'type cast': conversion from 'int' to 'unsigned char *' of greater size (compiling source file ..\blocks\ciNanogui\ciNanoGui.cpp)
d:\justin\projects\interactivepaint\include\nanoguimodule\nanovg\stb_image.h(3219): warning C4312: 'type cast': conversion from 'int' to 'unsigned char *' of greater size (compiling source file ..\blocks\ciNanogui\ciNanoGui.cpp)
d:\justin\projects\interactivepaint\include\nanoguimodule\nanovg\stb_image.h(3230): warning C4312: 'type cast': conversion from 'int' to 'unsigned char *' of greater size (compiling source file ..\blocks\ciNanogui\ciNanoGui.cpp)
d:\justin\projects\interactivepaint\include\nanoguimodule\nanovg\stb_image.h(3232): warning C4312: 'type cast': conversion from 'int' to 'unsigned char *' of greater size (compiling source file ..\blocks\ciNanogui\ciNanoGui.cpp)
d:\justin\projects\interactivepaint\include\nanoguimodule\nanovg\stb_image.h(3243): warning C4312: 'type cast': conversion from 'int' to 'unsigned char *' of greater size (compiling source file ..\blocks\ciNanogui\ciNanoGui.cpp)
d:\justin\projects\interactivepaint\include\nanoguimodule\nanovg\stb_image.h(3289): warning C4312: 'type cast': conversion from 'int' to 'unsigned char *' of greater size (compiling source file ..\blocks\ciNanogui\ciNanoGui.cpp)
d:\justin\projects\interactivepaint\include\nanoguimodule\nanovg\stb_image.h(3293): warning C4312: 'type cast': conversion from 'int' to 'unsigned char *' of greater size (compiling source file ..\blocks\ciNanogui\ciNanoGui.cpp)
d:\justin\projects\interactivepaint\include\nanoguimodule\nanovg\stb_image.h(3323): warning C4312: 'type cast': conversion from 'int' to 'unsigned char *' of greater size (compiling source file ..\blocks\ciNanogui\ciNanoGui.cpp)
d:\justin\projects\interactivepaint\include\nanoguimodule\nanovg\stb_image.h(3330): warning C4312: 'type cast': conversion from 'int' to 'unsigned char *' of greater size (compiling source file ..\blocks\ciNanogui\ciNanoGui.cpp)
d:\justin\projects\interactivepaint\include\nanoguimodule\nanovg\stb_image.h(3347): warning C4312: 'type cast': conversion from 'int' to 'unsigned char *' of greater size (compiling source file ..\blocks\ciNanogui\ciNanoGui.cpp)
d:\justin\projects\interactivepaint\include\nanoguimodule\nanovg\stb_image.h(3398): warning C4312: 'type cast': conversion from 'int' to 'unsigned char *' of greater size (compiling source file ..\blocks\ciNanogui\ciNanoGui.cpp)
d:\justin\projects\interactivepaint\include\nanoguimodule\nanovg\stb_image.h(3583): warning C4312: 'type cast': conversion from 'int' to 'unsigned char *' of greater size (compiling source file ..\blocks\ciNanogui\ciNanoGui.cpp)
d:\justin\projects\interactivepaint\include\nanoguimodule\nanovg\stb_image.h(3607): warning C4312: 'type cast': conversion from 'int' to 'unsigned char *' of greater size (compiling source file ..\blocks\ciNanogui\ciNanoGui.cpp)
d:\justin\projects\interactivepaint\include\nanoguimodule\nanovg\stb_image.h(3613): warning C4312: 'type cast': conversion from 'int' to 'unsigned char *' of greater size (compiling source file ..\blocks\ciNanogui\ciNanoGui.cpp)
d:\justin\projects\interactivepaint\include\nanoguimodule\nanovg\stb_image.h(3731): warning C4312: 'type cast': conversion from 'int' to 'unsigned char *' of greater size (compiling source file ..\blocks\ciNanogui\ciNanoGui.cpp)
d:\justin\projects\interactivepaint\include\nanoguimodule\nanovg\stb_image.h(3734): warning C4312: 'type cast': conversion from 'int' to 'unsigned char *' of greater size (compiling source file ..\blocks\ciNanogui\ciNanoGui.cpp)
d:\justin\projects\interactivepaint\include\nanoguimodule\nanovg\stb_image.h(3740): warning C4312: 'type cast': conversion from 'int' to 'unsigned char *' of greater size (compiling source file ..\blocks\ciNanogui\ciNanoGui.cpp)
d:\justin\projects\interactivepaint\include\nanoguimodule\nanovg\stb_image.h(3746): warning C4312: 'type cast': conversion from 'int' to 'unsigned char *' of greater size (compiling source file ..\blocks\ciNanogui\ciNanoGui.cpp)
d:\justin\projects\interactivepaint\include\nanoguimodule\nanovg\stb_image.h(3758): warning C4312: 'type cast': conversion from 'int' to 'unsigned char *' of greater size (compiling source file ..\blocks\ciNanogui\ciNanoGui.cpp)
d:\justin\projects\interactivepaint\include\nanoguimodule\nanovg\stb_image.h(3771): warning C4312: 'type cast': conversion from 'int' to 'unsigned char *' of greater size (compiling source file ..\blocks\ciNanogui\ciNanoGui.cpp)
d:\justin\projects\interactivepaint\include\nanoguimodule\nanovg\stb_image.h(3774): warning C4312: 'type cast': conversion from 'int' to 'unsigned char *' of greater size (compiling source file ..\blocks\ciNanogui\ciNanoGui.cpp)
d:\justin\projects\interactivepaint\include\nanoguimodule\nanovg\stb_image.h(3919): warning C4312: 'type cast': conversion from 'int' to 'unsigned char *' of greater size (compiling source file ..\blocks\ciNanogui\ciNanoGui.cpp)
d:\justin\projects\interactivepaint\include\nanoguimodule\nanovg\stb_image.h(3944): warning C4312: 'type cast': conversion from 'int' to 'unsigned char *' of greater size (compiling source file ..\blocks\ciNanogui\ciNanoGui.cpp)
d:\justin\projects\interactivepaint\include\nanoguimodule\nanovg\stb_image.h(3951): warning C4312: 'type cast': conversion from 'int' to 'unsigned char *' of greater size (compiling source file ..\blocks\ciNanogui\ciNanoGui.cpp)
d:\justin\projects\interactivepaint\include\nanoguimodule\nanovg\stb_image.h(3952): warning C4312: 'type cast': conversion from 'int' to 'unsigned char *' of greater size (compiling source file ..\blocks\ciNanogui\ciNanoGui.cpp)
d:\justin\projects\interactivepaint\include\nanoguimodule\nanovg\stb_image.h(3966): warning C4312: 'type cast': conversion from 'int' to 'unsigned char *' of greater size (compiling source file ..\blocks\ciNanogui\ciNanoGui.cpp)
d:\justin\projects\interactivepaint\include\nanoguimodule\nanovg\stb_image.h(3982): warning C4312: 'type cast': conversion from 'int' to 'unsigned char *' of greater size (compiling source file ..\blocks\ciNanogui\ciNanoGui.cpp)
d:\justin\projects\interactivepaint\include\nanoguimodule\nanovg\stb_image.h(3998): warning C4312: 'type cast': conversion from 'int' to 'unsigned char *' of greater size (compiling source file ..\blocks\ciNanogui\ciNanoGui.cpp)
d:\justin\projects\interactivepaint\include\nanoguimodule\nanovg\stb_image.h(4008): warning C4312: 'type cast': conversion from 'int' to 'unsigned char *' of greater size (compiling source file ..\blocks\ciNanogui\ciNanoGui.cpp)
d:\justin\projects\interactivepaint\include\nanoguimodule\nanovg\stb_image.h(4017): warning C4312: 'type cast': conversion from 'int' to 'unsigned char *' of greater size (compiling source file ..\blocks\ciNanogui\ciNanoGui.cpp)
d:\justin\projects\interactivepaint\include\nanoguimodule\nanovg\stb_image.h(4040): warning C4312: 'type cast': conversion from 'int' to 'unsigned char *' of greater size (compiling source file ..\blocks\ciNanogui\ciNanoGui.cpp)
d:\justin\projects\interactivepaint\include\nanoguimodule\nanovg\stb_image.h(4041): warning C4312: 'type cast': conversion from 'int' to 'unsigned char *' of greater size (compiling source file ..\blocks\ciNanogui\ciNanoGui.cpp)
d:\justin\projects\interactivepaint\include\nanoguimodule\nanovg\stb_image.h(4251): warning C4312: 'type cast': conversion from 'int' to 'unsigned char *' of greater size (compiling source file ..\blocks\ciNanogui\ciNanoGui.cpp)
d:\justin\projects\interactivepaint\include\nanoguimodule\nanovg\stb_image.h(4255): warning C4312: 'type cast': conversion from 'int' to 'unsigned char *' of greater size (compiling source file ..\blocks\ciNanogui\ciNanoGui.cpp)
d:\justin\projects\interactivepaint\include\nanoguimodule\nanovg\stb_image.h(4262): warning C4312: 'type cast': conversion from 'int' to 'unsigned char *' of greater size (compiling source file ..\blocks\ciNanogui\ciNanoGui.cpp)
d:\justin\projects\interactivepaint\include\nanoguimodule\nanovg\stb_image.h(4272): warning C4312: 'type cast': conversion from 'int' to 'unsigned char *' of greater size (compiling source file ..\blocks\ciNanogui\ciNanoGui.cpp)
d:\justin\projects\interactivepaint\include\nanoguimodule\nanovg\stb_image.h(4301): warning C4312: 'type cast': conversion from 'int' to 'unsigned char *' of greater size (compiling source file ..\blocks\ciNanogui\ciNanoGui.cpp)
d:\justin\projects\interactivepaint\include\nanoguimodule\nanovg\stb_image.h(4311): warning C4312: 'type cast': conversion from 'int' to 'unsigned char *' of greater size (compiling source file ..\blocks\ciNanogui\ciNanoGui.cpp)
d:\justin\projects\interactivepaint\include\nanoguimodule\nanovg\stb_image.h(4328): warning C4312: 'type cast': conversion from 'int' to 'unsigned char *' of greater size (compiling source file ..\blocks\ciNanogui\ciNanoGui.cpp)
d:\justin\projects\interactivepaint\include\nanoguimodule\nanovg\stb_image.h(4362): warning C4312: 'type cast': conversion from 'int' to 'unsigned char *' of greater size (compiling source file ..\blocks\ciNanogui\ciNanoGui.cpp)
d:\justin\projects\interactivepaint\include\nanoguimodule\nanovg\stb_image.h(4394): warning C4312: 'type cast': conversion from 'int' to 'unsigned char *' of greater size (compiling source file ..\blocks\ciNanogui\ciNanoGui.cpp)
d:\justin\projects\interactivepaint\include\nanoguimodule\nanovg\stb_image.h(4511): warning C4312: 'type cast': conversion from 'int' to 'float *' of greater size (compiling source file ..\blocks\ciNanogui\ciNanoGui.cpp)
d:\justin\projects\interactivepaint\include\nanoguimodule\nanovg\stb_image.h(4519): warning C4312: 'type cast': conversion from 'int' to 'float *' of greater size (compiling source file ..\blocks\ciNanogui\ciNanoGui.cpp)
d:\justin\projects\interactivepaint\include\nanoguimodule\nanovg\stb_image.h(4523): warning C4312: 'type cast': conversion from 'int' to 'float *' of greater size (compiling source file ..\blocks\ciNanogui\ciNanoGui.cpp)
d:\justin\projects\interactivepaint\include\nanoguimodule\nanovg\stb_image.h(4527): warning C4312: 'type cast': conversion from 'int' to 'float *' of greater size (compiling source file ..\blocks\ciNanogui\ciNanoGui.cpp)
d:\justin\projects\interactivepaint\include\nanoguimodule\nanovg\stb_image.h(4582): warning C4312: 'type cast': conversion from 'int' to 'float *' of greater size (compiling source file ..\blocks\ciNanogui\ciNanoGui.cpp)
D:\Justin\Projects\InteractivePaint\include\NanoguiModule/nanogui/widget.cpp(28): warning C4244: 'initializing': conversion from 'float' to 'int', possible loss of data (compiling source file ..\blocks\ciNanogui\ciNanoGui.cpp)
D:\Justin\Projects\InteractivePaint\include\NanoguiModule/nanogui/widget.cpp(212): warning C4244: 'argument': conversion from 'int' to 'float', possible loss of data (compiling source file ..\blocks\ciNanogui\ciNanoGui.cpp)
D:\Justin\Projects\InteractivePaint\include\NanoguiModule/nanogui/widget.cpp(216): warning C4244: 'argument': conversion from 'int' to 'float', possible loss of data (compiling source file ..\blocks\ciNanogui\ciNanoGui.cpp)
d:\justin\projects\interactivepaint\include\Resources.h(9): warning C4305: 'initializing': truncation from 'double' to 'float' (compiling source file ..\src\InteractivePaintApp.cpp)
D:\Justin\Projects\InteractivePaint\include\NanoguiModule/nanogui/window.cpp(35): warning C4244: 'argument': conversion from 'int' to 'float', possible loss of data (compiling source file ..\blocks\ciNanogui\ciNanoGui.cpp)
D:\Justin\Projects\InteractivePaint\include\NanoguiModule/nanogui/window.cpp(42): warning C4244: 'argument': conversion from 'int' to 'float', possible loss of data (compiling source file ..\blocks\ciNanogui\ciNanoGui.cpp)
D:\Justin\Projects\InteractivePaint\include\NanoguiModule/nanogui/window.cpp(44): warning C4244: 'argument': conversion from 'int' to 'float', possible loss of data (compiling source file ..\blocks\ciNanogui\ciNanoGui.cpp)
D:\Justin\Projects\InteractivePaint\include\NanoguiModule/nanogui/window.cpp(45): warning C4244: 'argument': conversion from 'int' to 'float', possible loss of data (compiling source file ..\blocks\ciNanogui\ciNanoGui.cpp)
D:\Justin\Projects\InteractivePaint\include\NanoguiModule/nanogui/window.cpp(56): warning C4244: 'argument': conversion from 'int' to 'float', possible loss of data (compiling source file ..\blocks\ciNanogui\ciNanoGui.cpp)
D:\Justin\Projects\InteractivePaint\include\NanoguiModule/nanogui/window.cpp(58): warning C4244: 'argument': conversion from 'int' to 'float', possible loss of data (compiling source file ..\blocks\ciNanogui\ciNanoGui.cpp)
D:\Justin\Projects\InteractivePaint\include\NanoguiModule/nanogui/window.cpp(62): warning C4244: 'argument': conversion from 'int' to 'float', possible loss of data (compiling source file ..\blocks\ciNanogui\ciNanoGui.cpp)
D:\Justin\Projects\InteractivePaint\include\NanoguiModule/nanogui/window.cpp(64): warning C4244: 'argument': conversion from 'int' to 'float', possible loss of data (compiling source file ..\blocks\ciNanogui\ciNanoGui.cpp)
D:\Justin\Projects\InteractivePaint\include\NanoguiModule/nanogui/window.cpp(69): warning C4244: 'argument': conversion from 'double' to 'float', possible loss of data (compiling source file ..\blocks\ciNanogui\ciNanoGui.cpp)
D:\Justin\Projects\InteractivePaint\include\NanoguiModule/nanogui/window.cpp(78): warning C4244: 'argument': conversion from 'int' to 'float', possible loss of data (compiling source file ..\blocks\ciNanogui\ciNanoGui.cpp)
D:\Justin\Projects\InteractivePaint\include\NanoguiModule/nanogui/window.cpp(83): warning C4244: 'argument': conversion from 'int' to 'float', possible loss of data (compiling source file ..\blocks\ciNanogui\ciNanoGui.cpp)
D:\Justin\Projects\InteractivePaint\include\NanoguiModule/nanogui/label.cpp(25): warning C4244: 'argument': conversion from 'int' to 'float', possible loss of data (compiling source file ..\blocks\ciNanogui\ciNanoGui.cpp)
D:\Justin\Projects\InteractivePaint\include\NanoguiModule/nanogui/label.cpp(31): warning C4244: 'argument': conversion from 'const int' to 'float', possible loss of data (compiling source file ..\blocks\ciNanogui\ciNanoGui.cpp)
D:\Justin\Projects\InteractivePaint\include\NanoguiModule/nanogui/label.cpp(49): warning C4244: 'argument': conversion from 'int' to 'float', possible loss of data (compiling source file ..\blocks\ciNanogui\ciNanoGui.cpp)
D:\Justin\Projects\InteractivePaint\include\NanoguiModule/nanogui/label.cpp(55): warning C4244: 'argument': conversion from 'int' to 'float', possible loss of data (compiling source file ..\blocks\ciNanogui\ciNanoGui.cpp)
D:\Justin\Projects\InteractivePaint\include\NanoguiModule/nanogui/label.cpp(60): warning C4244: 'argument': conversion from 'int' to 'float', possible loss of data (compiling source file ..\blocks\ciNanogui\ciNanoGui.cpp)
D:\Justin\Projects\InteractivePaint\include\NanoguiModule/nanogui/button.cpp(30): warning C4244: 'argument': conversion from 'int' to 'float', possible loss of data (compiling source file ..\blocks\ciNanogui\ciNanoGui.cpp)
D:\Justin\Projects\InteractivePaint\include\NanoguiModule/nanogui/button.cpp(33): warning C4244: 'initializing': conversion from 'int' to 'float', possible loss of data (compiling source file ..\blocks\ciNanogui\ciNanoGui.cpp)
D:\Justin\Projects\InteractivePaint\include\InteractivePaint.h(50): warning C4244: 'argument': conversion from 'const float' to 'int', possible loss of data (compiling source file ..\src\InteractivePaintApp.cpp)
D:\Justin\Projects\InteractivePaint\include\NanoguiModule/nanogui/button.cpp(133): warning C4244: 'argument': conversion from 'int' to 'float', possible loss of data (compiling source file ..\blocks\ciNanogui\ciNanoGui.cpp)
D:\Justin\Projects\InteractivePaint\include\NanoguiModule/nanogui/button.cpp(143): warning C4244: '=': conversion from 'double' to 'float', possible loss of data (compiling source file ..\blocks\ciNanogui\ciNanoGui.cpp)
D:\Justin\Projects\InteractivePaint\include\NanoguiModule/nanogui/button.cpp(147): warning C4244: 'argument': conversion from 'int' to 'float', possible loss of data (compiling source file ..\blocks\ciNanogui\ciNanoGui.cpp)
D:\Justin\Projects\InteractivePaint\include\NanoguiModule/nanogui/button.cpp(152): warning C4244: 'argument': conversion from 'int' to 'float', possible loss of data (compiling source file ..\blocks\ciNanogui\ciNanoGui.cpp)
D:\Justin\Projects\InteractivePaint\include\NanoguiModule/nanogui/button.cpp(157): warning C4244: 'argument': conversion from 'int' to 'float', possible loss of data (compiling source file ..\blocks\ciNanogui\ciNanoGui.cpp)
D:\Justin\Projects\InteractivePaint\include\NanoguiModule/nanogui/button.cpp(161): warning C4244: 'argument': conversion from 'int' to 'float', possible loss of data (compiling source file ..\blocks\ciNanogui\ciNanoGui.cpp)
D:\Justin\Projects\InteractivePaint\include\NanoguiModule/nanogui/button.cpp(173): warning C4244: 'initializing': conversion from 'int' to 'float', possible loss of data (compiling source file ..\blocks\ciNanogui\ciNanoGui.cpp)
D:\Justin\Projects\InteractivePaint\include\NanoguiModule/nanogui/button.cpp(207): warning C4244: '=': conversion from 'int' to 'float', possible loss of data (compiling source file ..\blocks\ciNanogui\ciNanoGui.cpp)
D:\Justin\Projects\InteractivePaint\include\NanoguiModule/nanogui/button.cpp(221): warning C4244: 'argument': conversion from 'int' to 'float', possible loss of data (compiling source file ..\blocks\ciNanogui\ciNanoGui.cpp)
..\src\InteractivePaintApp.cpp(6): warning C4067: unexpected tokens following preprocessor directive - expected a newline
D:\Justin\Projects\InteractivePaint\include\NanoguiModule/nanogui/popup.cpp(49): warning C4244: 'argument': conversion from 'int' to 'float', possible loss of data (compiling source file ..\blocks\ciNanogui\ciNanoGui.cpp)
D:\Justin\Projects\InteractivePaint\include\NanoguiModule/nanogui/popup.cpp(51): warning C4244: 'argument': conversion from 'int' to 'float', possible loss of data (compiling source file ..\blocks\ciNanogui\ciNanoGui.cpp)
D:\Justin\Projects\InteractivePaint\include\NanoguiModule/nanogui/popup.cpp(52): warning C4244: 'argument': conversion from 'int' to 'float', possible loss of data (compiling source file ..\blocks\ciNanogui\ciNanoGui.cpp)
D:\Justin\Projects\InteractivePaint\include\NanoguiModule/nanogui/popup.cpp(58): warning C4244: 'argument': conversion from 'int' to 'float', possible loss of data (compiling source file ..\blocks\ciNanogui\ciNanoGui.cpp)
D:\Justin\Projects\InteractivePaint\include\NanoguiModule/nanogui/popup.cpp(59): warning C4244: 'argument': conversion from 'int' to 'float', possible loss of data (compiling source file ..\blocks\ciNanogui\ciNanoGui.cpp)
D:\Justin\Projects\InteractivePaint\include\NanoguiModule/nanogui/popup.cpp(60): warning C4244: 'argument': conversion from 'int' to 'float', possible loss of data (compiling source file ..\blocks\ciNanogui\ciNanoGui.cpp)
D:\Justin\Projects\InteractivePaint\include\NanoguiModule/nanogui/popup.cpp(61): warning C4244: 'argument': conversion from 'int' to 'float', possible loss of data (compiling source file ..\blocks\ciNanogui\ciNanoGui.cpp)
D:\Justin\Projects\InteractivePaint\include\NanoguiModule/nanogui/progressbar.cpp(27): warning C4244: 'argument': conversion from 'int' to 'float', possible loss of data (compiling source file ..\blocks\ciNanogui\ciNanoGui.cpp)
D:\Justin\Projects\InteractivePaint\include\NanoguiModule/nanogui/progressbar.cpp(29): warning C4244: 'argument': conversion from 'int' to 'float', possible loss of data (compiling source file ..\blocks\ciNanogui\ciNanoGui.cpp)
D:\Justin\Projects\InteractivePaint\include\NanoguiModule/nanogui/progressbar.cpp(37): warning C4244: 'argument': conversion from 'int' to 'float', possible loss of data (compiling source file ..\blocks\ciNanogui\ciNanoGui.cpp)
D:\Justin\Projects\InteractivePaint\include\NanoguiModule/nanogui/progressbar.cpp(41): warning C4244: 'argument': conversion from 'int' to 'float', possible loss of data (compiling source file ..\blocks\ciNanogui\ciNanoGui.cpp)
D:\Justin\Projects\InteractivePaint\include\NanoguiModule/nanogui/colorwheel.cpp(31): warning C4244: 'initializing': conversion from 'int' to 'float', possible loss of data (compiling source file ..\blocks\ciNanogui\ciNanoGui.cpp)
D:\Justin\Projects\InteractivePaint\include\NanoguiModule/nanogui/colorwheel.cpp(32): warning C4244: 'initializing': conversion from 'int' to 'float', possible loss of data (compiling source file ..\blocks\ciNanogui\ciNanoGui.cpp)
D:\Justin\Projects\InteractivePaint\include\NanoguiModule/nanogui/colorwheel.cpp(33): warning C4244: 'initializing': conversion from 'int' to 'float', possible loss of data (compiling source file ..\blocks\ciNanogui\ciNanoGui.cpp)
D:\Justin\Projects\InteractivePaint\include\NanoguiModule/nanogui/colorwheel.cpp(34): warning C4244: 'initializing': conversion from 'int' to 'float', possible loss of data (compiling source file ..\blocks\ciNanogui\ciNanoGui.cpp)
D:\Justin\Projects\InteractivePaint\include\NanoguiModule/nanogui/colorwheel.cpp(160): warning C4244: 'initializing': conversion from 'int' to 'float', possible loss of data (compiling source file ..\blocks\ciNanogui\ciNanoGui.cpp)
D:\Justin\Projects\InteractivePaint\include\NanoguiModule/nanogui/colorwheel.cpp(300): warning C4244: '=': conversion from 'double' to 'float', possible loss of data (compiling source file ..\blocks\ciNanogui\ciNanoGui.cpp)
D:\Justin\Projects\InteractivePaint\include\NanoguiModule/nanogui/textbox.cpp(63): warning C4244: '=': conversion from 'float' to 'int', possible loss of data (compiling source file ..\blocks\ciNanogui\ciNanoGui.cpp)
D:\Justin\Projects\InteractivePaint\include\NanoguiModule/nanogui/textbox.cpp(72): warning C4244: 'argument': conversion from 'int' to 'float', possible loss of data (compiling source file ..\blocks\ciNanogui\ciNanoGui.cpp)
D:\Justin\Projects\InteractivePaint\include\NanoguiModule/nanogui/textbox.cpp(75): warning C4244: 'argument': conversion from 'int' to 'float', possible loss of data (compiling source file ..\blocks\ciNanogui\ciNanoGui.cpp)
D:\Justin\Projects\InteractivePaint\include\NanoguiModule/nanogui/textbox.cpp(78): warning C4244: 'argument': conversion from 'int' to 'float', possible loss of data (compiling source file ..\blocks\ciNanogui\ciNanoGui.cpp)
D:\Justin\Projects\InteractivePaint\include\NanoguiModule/nanogui/textbox.cpp(81): warning C4244: 'argument': conversion from 'int' to 'float', possible loss of data (compiling source file ..\blocks\ciNanogui\ciNanoGui.cpp)
D:\Justin\Projects\InteractivePaint\include\NanoguiModule/nanogui/textbox.cpp(89): warning C4244: 'argument': conversion from 'int' to 'float', possible loss of data (compiling source file ..\blocks\ciNanogui\ciNanoGui.cpp)
D:\Justin\Projects\InteractivePaint\include\NanoguiModule/nanogui/textbox.cpp(92): warning C4244: 'argument': conversion from 'int' to 'float', possible loss of data (compiling source file ..\blocks\ciNanogui\ciNanoGui.cpp)
D:\Justin\Projects\InteractivePaint\include\NanoguiModule/nanogui/textbox.cpp(121): warning C4244: 'argument': conversion from 'int' to 'float', possible loss of data (compiling source file ..\blocks\ciNanogui\ciNanoGui.cpp)
D:\Justin\Projects\InteractivePaint\include\NanoguiModule/nanogui/textbox.cpp(128): warning C4244: '+=': conversion from 'float' to 'int', possible loss of data (compiling source file ..\blocks\ciNanogui\ciNanoGui.cpp)
D:\Justin\Projects\InteractivePaint\include\NanoguiModule/nanogui/textbox.cpp(132): warning C4244: '+=': conversion from 'float' to 'int', possible loss of data (compiling source file ..\blocks\ciNanogui\ciNanoGui.cpp)
D:\Justin\Projects\InteractivePaint\include\NanoguiModule/nanogui/textbox.cpp(136): warning C4244: '+=': conversion from 'float' to 'int', possible loss of data (compiling source file ..\blocks\ciNanogui\ciNanoGui.cpp)
D:\Justin\Projects\InteractivePaint\include\NanoguiModule/nanogui/textbox.cpp(139): warning C4244: 'argument': conversion from 'int' to 'float', possible loss of data (compiling source file ..\blocks\ciNanogui\ciNanoGui.cpp)
D:\Justin\Projects\InteractivePaint\include\NanoguiModule/nanogui/textbox.cpp(149): warning C4244: '+=': conversion from 'float' to 'int', possible loss of data (compiling source file ..\blocks\ciNanogui\ciNanoGui.cpp)
D:\Justin\Projects\InteractivePaint\include\NanoguiModule/nanogui/textbox.cpp(151): warning C4244: 'argument': conversion from 'int' to 'float', possible loss of data (compiling source file ..\blocks\ciNanogui\ciNanoGui.cpp)
D:\Justin\Projects\InteractivePaint\include\NanoguiModule/nanogui/textbox.cpp(158): warning C4244: 'argument': conversion from 'int' to 'float', possible loss of data (compiling source file ..\blocks\ciNanogui\ciNanoGui.cpp)
D:\Justin\Projects\InteractivePaint\include\NanoguiModule/nanogui/textbox.cpp(163): warning C4244: 'argument': conversion from 'int' to 'float', possible loss of data (compiling source file ..\blocks\ciNanogui\ciNanoGui.cpp)
D:\Justin\Projects\InteractivePaint\include\NanoguiModule/nanogui/textbox.cpp(174): warning C4244: '=': conversion from 'float' to 'int', possible loss of data (compiling source file ..\blocks\ciNanogui\ciNanoGui.cpp)
D:\Justin\Projects\InteractivePaint\include\NanoguiModule/nanogui/textbox.cpp(176): warning C4244: 'argument': conversion from 'int' to 'float', possible loss of data (compiling source file ..\blocks\ciNanogui\ciNanoGui.cpp)
D:\Justin\Projects\InteractivePaint\include\NanoguiModule/nanogui/textbox.cpp(178): warning C4244: 'argument': conversion from 'int' to 'float', possible loss of data (compiling source file ..\blocks\ciNanogui\ciNanoGui.cpp)
D:\Justin\Projects\InteractivePaint\include\NanoguiModule/nanogui/textbox.cpp(181): warning C4244: 'argument': conversion from 'int' to 'float', possible loss of data (compiling source file ..\blocks\ciNanogui\ciNanoGui.cpp)
D:\Justin\Projects\InteractivePaint\include\NanoguiModule/nanogui/textbox.cpp(497): warning C4244: 'argument': conversion from 'int' to 'float', possible loss of data (compiling source file ..\blocks\ciNanogui\ciNanoGui.cpp)
D:\Justin\Projects\InteractivePaint\include\NanoguiModule/nanogui/textbox.cpp(506): warning C4244: 'argument': conversion from 'int' to 'float', possible loss of data (compiling source file ..\blocks\ciNanogui\ciNanoGui.cpp)
D:\Justin\Projects\InteractivePaint\include\NanoguiModule/nanogui/checkbox.cpp(49): warning C4244: 'argument': conversion from 'int' to 'float', possible loss of data (compiling source file ..\blocks\ciNanogui\ciNanoGui.cpp)
D:\Justin\Projects\InteractivePaint\include\NanoguiModule/nanogui/checkbox.cpp(60): warning C4244: 'argument': conversion from 'int' to 'float', possible loss of data (compiling source file ..\blocks\ciNanogui\ciNanoGui.cpp)
D:\Justin\Projects\InteractivePaint\include\NanoguiModule/nanogui/checkbox.cpp(78): warning C4244: 'argument': conversion from 'double' to 'float', possible loss of data (compiling source file ..\blocks\ciNanogui\ciNanoGui.cpp)
D:\Justin\Projects\InteractivePaint\include\NanoguiModule/nanogui/graph.cpp(31): warning C4244: 'argument': conversion from 'int' to 'float', possible loss of data (compiling source file ..\blocks\ciNanogui\ciNanoGui.cpp)
D:\Justin\Projects\InteractivePaint\include\NanoguiModule/nanogui/graph.cpp(37): warning C4244: 'argument': conversion from 'int' to 'float', possible loss of data (compiling source file ..\blocks\ciNanogui\ciNanoGui.cpp)
D:\Justin\Projects\InteractivePaint\include\NanoguiModule/nanogui/graph.cpp(45): warning C4244: 'argument': conversion from 'int' to 'float', possible loss of data (compiling source file ..\blocks\ciNanogui\ciNanoGui.cpp)
D:\Justin\Projects\InteractivePaint\include\NanoguiModule/nanogui/graph.cpp(56): warning C4244: 'argument': conversion from 'int' to 'float', possible loss of data (compiling source file ..\blocks\ciNanogui\ciNanoGui.cpp)
D:\Justin\Projects\InteractivePaint\include\NanoguiModule/nanogui/graph.cpp(63): warning C4244: 'argument': conversion from 'int' to 'float', possible loss of data (compiling source file ..\blocks\ciNanogui\ciNanoGui.cpp)
D:\Justin\Projects\InteractivePaint\include\NanoguiModule/nanogui/graph.cpp(70): warning C4244: 'argument': conversion from 'int' to 'float', possible loss of data (compiling source file ..\blocks\ciNanogui\ciNanoGui.cpp)
D:\Justin\Projects\InteractivePaint\include\NanoguiModule/nanogui/graph.cpp(73): warning C4244: 'argument': conversion from 'int' to 'float', possible loss of data (compiling source file ..\blocks\ciNanogui\ciNanoGui.cpp)
D:\Justin\Projects\InteractivePaint\include\NanoguiModule/nanogui/imagepanel.cpp(33): warning C4244: 'argument': conversion from 'const int' to 'const float', possible loss of data (compiling source file ..\blocks\ciNanogui\ciNanoGui.cpp)
D:\Justin\Projects\InteractivePaint\include\NanoguiModule/nanogui/imagepanel.cpp(86): warning C4244: '=': conversion from 'int' to 'float', possible loss of data (compiling source file ..\blocks\ciNanogui\ciNanoGui.cpp)
D:\Justin\Projects\InteractivePaint\include\NanoguiModule/nanogui/imagepanel.cpp(93): warning C4244: '=': conversion from 'int' to 'float', possible loss of data (compiling source file ..\blocks\ciNanogui\ciNanoGui.cpp)
D:\Justin\Projects\InteractivePaint\include\NanoguiModule/nanogui/imagepanel.cpp(100): warning C4244: 'argument': conversion from 'double' to 'float', possible loss of data (compiling source file ..\blocks\ciNanogui\ciNanoGui.cpp)
D:\Justin\Projects\InteractivePaint\include\NanoguiModule/nanogui/imagepanel.cpp(102): warning C4244: 'argument': conversion from 'int' to 'float', possible loss of data (compiling source file ..\blocks\ciNanogui\ciNanoGui.cpp)
D:\Justin\Projects\InteractivePaint\include\NanoguiModule/nanogui/imagepanel.cpp(107): warning C4244: 'argument': conversion from 'int' to 'float', possible loss of data (compiling source file ..\blocks\ciNanogui\ciNanoGui.cpp)
D:\Justin\Projects\InteractivePaint\include\NanoguiModule/nanogui/imagepanel.cpp(109): warning C4244: 'argument': conversion from 'int' to 'float', possible loss of data (compiling source file ..\blocks\ciNanogui\ciNanoGui.cpp)
D:\Justin\Projects\InteractivePaint\include\NanoguiModule/nanogui/imagepanel.cpp(110): warning C4244: 'argument': conversion from 'int' to 'float', possible loss of data (compiling source file ..\blocks\ciNanogui\ciNanoGui.cpp)
D:\Justin\Projects\InteractivePaint\include\NanoguiModule/nanogui/imagepanel.cpp(115): warning C4244: 'argument': conversion from 'int' to 'float', possible loss of data (compiling source file ..\blocks\ciNanogui\ciNanoGui.cpp)
D:\Justin\Projects\InteractivePaint\include\NanoguiModule/nanogui/imageview.cpp(45): warning C4244: 'argument': conversion from 'int' to 'float', possible loss of data (compiling source file ..\blocks\ciNanogui\ciNanoGui.cpp)
D:\Justin\Projects\InteractivePaint\include\NanoguiModule/nanogui/imageview.cpp(47): warning C4244: 'argument': conversion from 'int' to 'float', possible loss of data (compiling source file ..\blocks\ciNanogui\ciNanoGui.cpp)
D:\Justin\Projects\InteractivePaint\include\NanoguiModule/nanogui/vscrollpanel.cpp(82): warning C4244: 'argument': conversion from 'int' to 'float', possible loss of data (compiling source file ..\blocks\ciNanogui\ciNanoGui.cpp)
D:\Justin\Projects\InteractivePaint\include\NanoguiModule/nanogui/vscrollpanel.cpp(83): warning C4244: 'argument': conversion from 'int' to 'float', possible loss of data (compiling source file ..\blocks\ciNanogui\ciNanoGui.cpp)
D:\Justin\Projects\InteractivePaint\include\NanoguiModule/nanogui/vscrollpanel.cpp(90): warning C4244: 'argument': conversion from 'int' to 'float', possible loss of data (compiling source file ..\blocks\ciNanogui\ciNanoGui.cpp)
D:\Justin\Projects\InteractivePaint\include\NanoguiModule/nanogui/vscrollpanel.cpp(93): warning C4244: 'argument': conversion from 'int' to 'float', possible loss of data (compiling source file ..\blocks\ciNanogui\ciNanoGui.cpp)
D:\Justin\Projects\InteractivePaint\include\NanoguiModule/nanogui/vscrollpanel.cpp(99): warning C4244: 'argument': conversion from 'int' to 'float', possible loss of data (compiling source file ..\blocks\ciNanogui\ciNanoGui.cpp)
D:\Justin\Projects\InteractivePaint\include\NanoguiModule/nanogui/vscrollpanel.cpp(103): warning C4244: 'argument': conversion from 'int' to 'float', possible loss of data (compiling source file ..\blocks\ciNanogui\ciNanoGui.cpp)
D:\Justin\Projects\InteractivePaint\include\NanoguiModule/nanogui/slider.cpp(52): warning C4244: 'initializing': conversion from 'int' to 'float', possible loss of data (compiling source file ..\blocks\ciNanogui\ciNanoGui.cpp)
D:\Justin\Projects\InteractivePaint\include\NanoguiModule/nanogui/slider.cpp(54): warning C4244: 'argument': conversion from 'int' to 'float', possible loss of data (compiling source file ..\blocks\ciNanogui\ciNanoGui.cpp)
D:\Justin\Projects\InteractivePaint\include\NanoguiModule/nanogui/slider.cpp(56): warning C4244: 'argument': conversion from 'int' to 'float', possible loss of data (compiling source file ..\blocks\ciNanogui\ciNanoGui.cpp)
D:\Justin\Projects\InteractivePaint\include\NanoguiModule/nanogui/slider.cpp(76): warning C4244: 'argument': conversion from 'int' to 'float', possible loss of data (compiling source file ..\blocks\ciNanogui\ciNanoGui.cpp)
D:\Justin\Projects\InteractivePaint\include\NanoguiModule/nanogui/slider.cpp(80): warning C4244: 'argument': conversion from 'int' to 'float', possible loss of data (compiling source file ..\blocks\ciNanogui\ciNanoGui.cpp)
D:\Justin\Projects\InteractivePaint\include\NanoguiModule/util/Performance.cpp(77): warning C4996: 'strncpy': This function or variable may be unsafe. Consider using strncpy_s instead. To disable deprecation, use _CRT_SECURE_NO_WARNINGS. See online help for details. (compiling source file ..\blocks\ciNanogui\ciNanoGui.cpp)
  C:\Program Files (x86)\Windows Kits\10\Include\10.0.10240.0\ucrt\string.h(346): note: see declaration of 'strncpy' (compiling source file ..\blocks\ciNanogui\ciNanoGui.cpp)
D:\Justin\Projects\InteractivePaint\include\NanoguiModule/util/Performance.cpp(163): warning C4996: 'sprintf': This function or variable may be unsafe. Consider using sprintf_s instead. To disable deprecation, use _CRT_SECURE_NO_WARNINGS. See online help for details. (compiling source file ..\blocks\ciNanogui\ciNanoGui.cpp)
  C:\Program Files (x86)\Windows Kits\10\Include\10.0.10240.0\ucrt\stdio.h(1769): note: see declaration of 'sprintf' (compiling source file ..\blocks\ciNanogui\ciNanoGui.cpp)
D:\Justin\Projects\InteractivePaint\include\NanoguiModule/util/Performance.cpp(168): warning C4996: 'sprintf': This function or variable may be unsafe. Consider using sprintf_s instead. To disable deprecation, use _CRT_SECURE_NO_WARNINGS. See online help for details. (compiling source file ..\blocks\ciNanogui\ciNanoGui.cpp)
  C:\Program Files (x86)\Windows Kits\10\Include\10.0.10240.0\ucrt\stdio.h(1769): note: see declaration of 'sprintf' (compiling source file ..\blocks\ciNanogui\ciNanoGui.cpp)
D:\Justin\Projects\InteractivePaint\include\NanoguiModule/util/Performance.cpp(177): warning C4996: 'sprintf': This function or variable may be unsafe. Consider using sprintf_s instead. To disable deprecation, use _CRT_SECURE_NO_WARNINGS. See online help for details. (compiling source file ..\blocks\ciNanogui\ciNanoGui.cpp)
  C:\Program Files (x86)\Windows Kits\10\Include\10.0.10240.0\ucrt\stdio.h(1769): note: see declaration of 'sprintf' (compiling source file ..\blocks\ciNanogui\ciNanoGui.cpp)
D:\Justin\Projects\InteractivePaint\include\NanoguiModule/util/Performance.cpp(185): warning C4996: 'sprintf': This function or variable may be unsafe. Consider using sprintf_s instead. To disable deprecation, use _CRT_SECURE_NO_WARNINGS. See online help for details. (compiling source file ..\blocks\ciNanogui\ciNanoGui.cpp)
  C:\Program Files (x86)\Windows Kits\10\Include\10.0.10240.0\ucrt\stdio.h(1769): note: see declaration of 'sprintf' (compiling source file ..\blocks\ciNanogui\ciNanoGui.cpp)
  Generating code
  All 4256 functions were compiled because no usable IPDB/IOBJ from previous compilation was found.
  Finished generating code
  InteractivePaint.vcxproj -> D:\Justin\Projects\InteractivePaint\vc2013\x64\Release\InteractivePaint.exe
